<?xml version="1.0" encoding="UTF-8"?>
<!-- Generated by org.testng.reporters.JUnitReportReporter -->
<testsuite hostname="LAPTOP-KO4UPKBB" failures="0" tests="1" name="TestNG.TestNG_Test0" time="0.022" errors="0" timestamp="2023-01-20T20:11:13 IST" skipped="0">
  <testcase classname="TestNG.TestNG_Test0" name="m1" time="0.022"/>
  <system-out/>
</testsuite> <!-- TestNG.TestNG_Test0 -->
