<?xml version="1.0" encoding="UTF-8"?>
<!-- Generated by org.testng.reporters.JUnitReportReporter -->
<testsuite hostname="LAPTOP-KO4UPKBB" failures="0" tests="3" name="TestNG.TestNG_Test2" time="0.027" errors="0" timestamp="2023-01-20T20:18:08 IST" skipped="0">
  <testcase classname="TestNG.TestNG_Test2" name="create" time="0.019"/>
  <system-out/>
  <testcase classname="TestNG.TestNG_Test2" name="delete" time="0.007"/>
  <system-out/>
  <testcase classname="TestNG.TestNG_Test2" name="modify" time="0.001"/>
  <system-out/>
</testsuite> <!-- TestNG.TestNG_Test2 -->
