<?xml version="1.0" encoding="UTF-8"?>
<!-- Generated by org.testng.reporters.JUnitReportReporter -->
<testsuite hostname="LAPTOP-KO4UPKBB" failures="0" tests="3" name="TestNG.TestNG_Test1" time="0.030" errors="0" timestamp="2023-01-20T20:11:23 IST" skipped="0">
  <testcase classname="TestNG.TestNG_Test1" name="modify" time="0.003"/>
  <system-out/>
  <testcase classname="TestNG.TestNG_Test1" name="create" time="0.020"/>
  <system-out/>
  <testcase classname="TestNG.TestNG_Test1" name="delete" time="0.007"/>
  <system-out/>
</testsuite> <!-- TestNG.TestNG_Test1 -->
