<?xml version="1.0" encoding="UTF-8"?>
<!-- Generated by org.testng.reporters.JUnitReportReporter -->
<testsuite hostname="LAPTOP-KO4UPKBB" failures="0" tests="1" name="Product.CreateProductandDeleteTest" time="26.071" errors="0" timestamp="2023-01-24T19:42:39 IST" skipped="0">
  <testcase classname="Product.CreateProductandDeleteTest" name="CreateProductandDeleteTest" time="26.071"/>
  <system-out/>
</testsuite> <!-- Product.CreateProductandDeleteTest -->
