<?xml version="1.0" encoding="UTF-8"?>
<!-- Generated by org.testng.reporters.JUnitReportReporter -->
<testsuite hostname="LAPTOP-KO4UPKBB" failures="0" tests="1" name="practice.TestNg_Test" time="0.016" errors="0" timestamp="2023-01-20T19:54:14 IST" skipped="0">
  <testcase classname="practice.TestNg_Test" name="m1" time="0.016"/>
  <system-out/>
</testsuite> <!-- practice.TestNg_Test -->
