<?xml version="1.0" encoding="UTF-8"?>
<!-- Generated by org.testng.reporters.JUnitReportReporter -->
<testsuite hostname="LAPTOP-KO4UPKBB" failures="0" tests="3" name="TestNG.Data_Provider" time="42.766" errors="0" timestamp="2023-01-26T23:52:58 IST" skipped="0">
  <testcase classname="TestNG.Data_Provider" name="OrganisationDetails" time="13.967"/>
  <system-out/>
  <testcase classname="TestNG.Data_Provider" name="OrganisationDetails" time="13.672"/>
  <system-out/>
  <testcase classname="TestNG.Data_Provider" name="OrganisationDetails" time="15.127"/>
  <system-out/>
</testsuite> <!-- TestNG.Data_Provider -->
