<?xml version="1.0" encoding="UTF-8"?>
<!-- Generated by org.testng.reporters.JUnitReportReporter -->
<testsuite hostname="LAPTOP-KO4UPKBB" failures="0" tests="5" name="TestNG.TestNG_Test5" time="0.020" errors="0" timestamp="2023-01-26T23:51:50 IST" skipped="0">
  <testcase classname="TestNG.TestNG_Test5" name="delete" time="0.004"/>
  <system-out/>
  <testcase classname="TestNG.TestNG_Test5" name="create" time="0.010"/>
  <system-out/>
  <testcase classname="TestNG.TestNG_Test5" name="modify" time="0.002"/>
  <system-out/>
  <testcase classname="TestNG.TestNG_Test5" name="delete" time="0.003"/>
  <system-out/>
  <testcase classname="TestNG.TestNG_Test5" name="create" time="0.001"/>
  <system-out/>
</testsuite> <!-- TestNG.TestNG_Test5 -->
