<?xml version="1.0" encoding="UTF-8"?>
<!-- Generated by org.testng.reporters.JUnitReportReporter -->
<testsuite hostname="LAPTOP-KO4UPKBB" failures="0" tests="1" name="Campaigns.CreateCampaignWithProductTest" time="48.137" errors="0" timestamp="2023-01-24T19:42:39 IST" skipped="0">
  <testcase classname="Campaigns.CreateCampaignWithProductTest" name="CreateCampaignWithProductTest" time="48.137"/>
  <system-out/>
</testsuite> <!-- Campaigns.CreateCampaignWithProductTest -->
