<?xml version="1.0" encoding="UTF-8"?>
<!-- Generated by org.testng.reporters.JUnitReportReporter -->
<testsuite hostname="LAPTOP-KO4UPKBB" failures="0" tests="3" name="TestNG.TestNG_Test3" time="0.014" errors="0" timestamp="2023-01-20T22:04:44 IST" skipped="1">
  <testcase classname="TestNG.TestNG_Test3" name="create" time="0.011"/>
  <system-out/>
  <testcase classname="TestNG.TestNG_Test3" name="delete" time="0.003"/>
  <system-out/>
  <testcase classname="TestNG.TestNG_Test3" name="modify">
    <skipped/>
  </testcase> <!-- modify -->
  <system-out/>
</testsuite> <!-- TestNG.TestNG_Test3 -->
